e:\c++\tinhtong2so\giaitoangui\debug\giaitoangui.pch
e:\c++\tinhtong2so\giaitoangui\debug\vc120.pdb
e:\c++\tinhtong2so\giaitoangui\debug\vc120.idb
e:\c++\tinhtong2so\giaitoangui\debug\stdafx.obj
e:\c++\tinhtong2so\giaitoangui\debug\giaitoangui.obj
e:\c++\tinhtong2so\giaitoangui\debug\giaitoanguidlg.obj
e:\c++\tinhtong2so\giaitoangui\debug\giaitoan.obj
e:\c++\tinhtong2so\debug\giaitoangui.ilk
e:\c++\tinhtong2so\debug\giaitoangui.exe
e:\c++\tinhtong2so\debug\giaitoangui.pdb
e:\c++\tinhtong2so\giaitoangui\debug\giaitoangui.res
e:\c++\tinhtong2so\giaitoangui\debug\giaitoangui.tlog\cl.command.1.tlog
e:\c++\tinhtong2so\giaitoangui\debug\giaitoangui.tlog\cl.read.1.tlog
e:\c++\tinhtong2so\giaitoangui\debug\giaitoangui.tlog\cl.write.1.tlog
e:\c++\tinhtong2so\giaitoangui\debug\giaitoangui.tlog\link.command.1.tlog
e:\c++\tinhtong2so\giaitoangui\debug\giaitoangui.tlog\link.read.1.tlog
e:\c++\tinhtong2so\giaitoangui\debug\giaitoangui.tlog\link.write.1.tlog
e:\c++\tinhtong2so\giaitoangui\debug\giaitoangui.tlog\rc.command.1.tlog
e:\c++\tinhtong2so\giaitoangui\debug\giaitoangui.tlog\rc.read.1.tlog
e:\c++\tinhtong2so\giaitoangui\debug\giaitoangui.tlog\rc.write.1.tlog
